
-----
Test: tests/test_buy_product.py::test_buy_product (call)
Start time: 2024-09-08 15:35:48.507297
Start name method: enter

End time: 2024-09-08 15:36:06.926394
End name method: enter
URL: https://goldapple.ru/

-----

-----
Test: tests/test_buy_product.py::test_buy_product (call)
Start time: 2024-09-08 15:36:06.926394
Start name method: select_product

End time: 2024-09-08 15:36:26.440356
End name method: select_product
URL: https://goldapple.ru/makijazh/guby?calculatedprices=1422-6397&producttype=99&storestocks=1&p=1#s-14019300004

-----

-----
Test: tests/test_buy_product.py::test_buy_product (call)
Start time: 2024-09-08 15:36:26.441357
Start name method: ok_product

End time: 2024-09-08 15:36:36.065454
End name method: ok_product
URL: https://goldapple.ru/checkout

-----

-----
Test: tests/test_buy_product.py::test_buy_product (call)
Start time: 2024-09-08 15:36:36.065454
Start name method: buy_product

End time: 2024-09-08 15:36:45.349207
End name method: buy_product
URL: https://goldapple.ru/checkout

-----
