
-----
Test: tests/test_buy_product.py::test_buy_product (call)
Start time: 2024-09-19 14:46:02.889842
Start name method: enter

End time: 2024-09-19 14:46:27.562547
End name method: enter
URL: https://goldapple.ru/

-----

-----
Test: tests/test_buy_product.py::test_buy_product (call)
Start time: 2024-09-19 14:46:27.563546
Start name method: select_product

End time: 2024-09-19 14:46:41.343742
End name method: select_product
URL: https://goldapple.ru/makijazh/guby?calculatedprices=1438-6403&producttype=99&storestocks=1&p=1#s-14019300004

-----

-----
Test: tests/test_buy_product.py::test_buy_product (call)
Start time: 2024-09-19 14:46:41.344742
Start name method: ok_product

End time: 2024-09-19 14:46:55.081120
End name method: ok_product
URL: https://goldapple.ru/checkout

-----

-----
Test: tests/test_buy_product.py::test_buy_product (call)
Start time: 2024-09-19 14:46:55.083117
Start name method: buy_product

