
-----
Test: tests/test_buy_product.py::test_buy_product (call)
Start time: 2024-09-17 20:46:05.469263
Start name method: enter

End time: 2024-09-17 20:46:36.763280
End name method: enter
URL: https://goldapple.ru/

-----

-----
Test: tests/test_buy_product.py::test_buy_product (call)
Start time: 2024-09-17 20:46:36.765262
Start name method: select_product

End time: 2024-09-17 20:46:52.922455
End name method: select_product
URL: https://goldapple.ru/makijazh/guby?calculatedprices=1276-5727&producttype=99&storestocks=1&p=1#s-14019300004

-----

-----
Test: tests/test_buy_product.py::test_buy_product (call)
Start time: 2024-09-17 20:46:52.923461
Start name method: ok_product

End time: 2024-09-17 20:47:10.999339
End name method: ok_product
URL: https://goldapple.ru/checkout

-----

-----
Test: tests/test_buy_product.py::test_buy_product (call)
Start time: 2024-09-17 20:47:11.001344
Start name method: buy_product

