
-----
Test: tests/test_buy_product.py::test_buy_product (call)
Start time: 2024-09-17 20:52:24.809552
Start name method: enter

End time: 2024-09-17 20:52:57.959539
End name method: enter
URL: https://goldapple.ru/

-----

-----
Test: tests/test_buy_product.py::test_buy_product (call)
Start time: 2024-09-17 20:52:57.961544
Start name method: select_product

End time: 2024-09-17 20:53:16.226148
End name method: select_product
URL: https://goldapple.ru/makijazh/guby?calculatedprices=1276-5727&producttype=99&storestocks=1&p=1#s-14019300004

-----

-----
Test: tests/test_buy_product.py::test_buy_product (call)
Start time: 2024-09-17 20:53:16.232148
Start name method: ok_product

End time: 2024-09-17 20:54:05.565787
End name method: ok_product
URL: https://goldapple.ru/checkout

-----

-----
Test: tests/test_buy_product.py::test_buy_product (call)
Start time: 2024-09-17 20:54:05.567807
Start name method: buy_product

