
-----
Test: tests/test_buy_product.py::test_buy_product (call)
Start time: 2024-09-17 20:24:02.154138
Start name method: enter

End time: 2024-09-17 20:24:40.423961
End name method: enter
URL: https://goldapple.ru/

-----

-----
Test: tests/test_buy_product.py::test_buy_product (call)
Start time: 2024-09-17 20:24:40.425966
Start name method: select_product

End time: 2024-09-17 20:24:59.933968
End name method: select_product
URL: https://goldapple.ru/makijazh/guby?calculatedprices=1276-5727&producttype=99&storestocks=1&p=1#s-14019300004

-----

-----
Test: tests/test_buy_product.py::test_buy_product (call)
Start time: 2024-09-17 20:24:59.935973
Start name method: ok_product

End time: 2024-09-17 20:25:25.233375
End name method: ok_product
URL: https://goldapple.ru/checkout

-----

-----
Test: tests/test_buy_product.py::test_buy_product (call)
Start time: 2024-09-17 20:25:25.236377
Start name method: buy_product

