
-----
Test: tests/test_buy_product.py::test_buy_product (call)
Start time: 2024-09-08 16:56:05.868652
Start name method: enter

End time: 2024-09-08 16:56:24.547967
End name method: enter
URL: https://goldapple.ru/

-----

-----
Test: tests/test_buy_product.py::test_buy_product (call)
Start time: 2024-09-08 16:56:24.548968
Start name method: select_product

End time: 2024-09-08 16:56:38.161974
End name method: select_product
URL: https://goldapple.ru/makijazh/guby?calculatedprices=1422-6397&producttype=99&storestocks=1&p=1#s-14019300004

-----

-----
Test: tests/test_buy_product.py::test_buy_product (call)
Start time: 2024-09-08 16:56:38.162973
Start name method: ok_product

End time: 2024-09-08 16:56:50.214458
End name method: ok_product
URL: https://goldapple.ru/checkout

-----

-----
Test: tests/test_buy_product.py::test_buy_product (call)
Start time: 2024-09-08 16:56:50.215461
Start name method: buy_product

End time: 2024-09-08 16:56:59.508704
End name method: buy_product
URL: https://goldapple.ru/checkout

-----
