
-----
Test: tests/test_buy_product.py::test_buy_product (call)
Start time: 2024-09-17 20:19:00.402737
Start name method: enter

End time: 2024-09-17 20:19:39.352418
End name method: enter
URL: https://goldapple.ru/

-----

-----
Test: tests/test_buy_product.py::test_buy_product (call)
Start time: 2024-09-17 20:19:39.354413
Start name method: select_product

End time: 2024-09-17 20:19:58.456449
End name method: select_product
URL: https://goldapple.ru/makijazh/guby?calculatedprices=1276-5727&producttype=99&storestocks=1&p=1#s-14019300004

-----

-----
Test: tests/test_buy_product.py::test_buy_product (call)
Start time: 2024-09-17 20:19:58.460419
Start name method: ok_product

End time: 2024-09-17 20:20:22.870957
End name method: ok_product
URL: https://goldapple.ru/checkout

-----

-----
Test: tests/test_buy_product.py::test_buy_product (call)
Start time: 2024-09-17 20:20:22.873958
Start name method: buy_product

