
-----
Test: tests/test_buy_product.py::test_buy_product (call)
Start time: 2024-09-19 14:48:15.268692
Start name method: enter

End time: 2024-09-19 14:49:00.354935
End name method: enter
URL: https://goldapple.ru/

-----

-----
Test: tests/test_buy_product.py::test_buy_product (call)
Start time: 2024-09-19 14:49:00.356941
Start name method: select_product

End time: 2024-09-19 14:49:14.152090
End name method: select_product
URL: https://goldapple.ru/makijazh/guby?calculatedprices=1438-6403&producttype=99&storestocks=1&p=1#s-14019300004

-----

-----
Test: tests/test_buy_product.py::test_buy_product (call)
Start time: 2024-09-19 14:49:14.154092
Start name method: ok_product

End time: 2024-09-19 14:49:31.602199
End name method: ok_product
URL: https://goldapple.ru/checkout

-----

-----
Test: tests/test_buy_product.py::test_buy_product (call)
Start time: 2024-09-19 14:49:31.603194
Start name method: buy_product

