
-----
Test: tests/test_buy_product.py::test_buy_product (call)
Start time: 2024-09-17 20:41:21.519722
Start name method: enter

End time: 2024-09-17 20:41:50.896850
End name method: enter
URL: https://goldapple.ru/

-----

-----
Test: tests/test_buy_product.py::test_buy_product (call)
Start time: 2024-09-17 20:41:50.898859
Start name method: select_product

End time: 2024-09-17 20:42:08.142941
End name method: select_product
URL: https://goldapple.ru/makijazh/guby?calculatedprices=1276-5727&producttype=99&storestocks=1&p=1#s-14019300004

-----

-----
Test: tests/test_buy_product.py::test_buy_product (call)
Start time: 2024-09-17 20:42:08.143947
Start name method: ok_product

End time: 2024-09-17 20:42:25.726736
End name method: ok_product
URL: https://goldapple.ru/checkout

-----

-----
Test: tests/test_buy_product.py::test_buy_product (call)
Start time: 2024-09-17 20:42:25.730731
Start name method: buy_product

